<?xml version="1.0" encoding="UTF-8"?>
<testng-results skipped="0" failed="0" ignored="0" total="1" passed="1">
  <reporter-output>
  </reporter-output>
  <suite name="Default suite" duration-ms="11252" started-at="2018-07-21T09:32:53Z" finished-at="2018-07-21T09:33:04Z">
    <groups>
    </groups>
    <test name="Default test" duration-ms="11252" started-at="2018-07-21T09:32:53Z" finished-at="2018-07-21T09:33:04Z">
      <class name="guru99TestNgTest.InvalidIdAndPassword">
        <test-method status="PASS" signature="InvalidUserandPassword()[pri:0, instance:guru99TestNgTest.InvalidIdAndPassword@6a024a67]" name="InvalidUserandPassword" duration-ms="11229" started-at="2018-07-21T15:02:53Z" finished-at="2018-07-21T15:03:04Z">
          <reporter-output>
          </reporter-output>
        </test-method> <!-- InvalidUserandPassword -->
      </class> <!-- guru99TestNgTest.InvalidIdAndPassword -->
    </test> <!-- Default test -->
  </suite> <!-- Default suite -->
</testng-results>
